c:\users\samir\desktop\2dworld--\consoleapplication\debug\vc140.pdb
c:\users\samir\desktop\2dworld--\consoleapplication\debug\vc140.idb
c:\users\samir\desktop\2dworld--\consoleapplication\debug\errormanagement.obj
c:\users\samir\desktop\2dworld--\consoleapplication\debug\inputmanager.obj
c:\users\samir\desktop\2dworld--\consoleapplication\debug\sdlinterface.obj
c:\users\samir\desktop\2dworld--\consoleapplication\debug\cell.obj
c:\users\samir\desktop\2dworld--\consoleapplication\debug\sprite.obj
c:\users\samir\desktop\2dworld--\consoleapplication\debug\game.obj
c:\users\samir\desktop\2dworld--\consoleapplication\debug\main.obj
c:\users\samir\desktop\2dworld--\consoleapplication\debug\map.obj
c:\users\gchirino\desktop\2dworld--\2dworld--\consoleapplication\debug\vc140.pdb
c:\users\gchirino\desktop\2dworld--\2dworld--\consoleapplication\debug\vc140.idb
c:\users\gchirino\desktop\2dworld--\2dworld--\consoleapplication\debug\errormanagement.obj
c:\users\gchirino\desktop\2dworld--\2dworld--\consoleapplication\debug\game.obj
c:\users\gchirino\desktop\2dworld--\2dworld--\consoleapplication\debug\inputmanager.obj
c:\users\gchirino\desktop\2dworld--\2dworld--\consoleapplication\debug\main.obj
c:\users\gchirino\desktop\2dworld--\2dworld--\consoleapplication\debug\map.obj
c:\users\gchirino\desktop\2dworld--\2dworld--\consoleapplication\debug\sdlinterface.obj
c:\users\gchirino\desktop\2dworld--\2dworld--\consoleapplication\debug\cell.obj
c:\users\gchirino\desktop\2dworld--\2dworld--\consoleapplication\debug\sprite.obj
c:\users\samir\desktop\2dworld--\debug\consoleapplication.ilk
c:\users\samir\desktop\2dworld--\debug\consoleapplication.exe
c:\users\samir\desktop\2dworld--\debug\consoleapplication.pdb
c:\users\gchirino\desktop\2dworld--\2dworld--\debug\consoleapplication.ilk
c:\users\gchirino\desktop\2dworld--\2dworld--\debug\consoleapplication.exe
c:\users\gchirino\desktop\2dworld--\2dworld--\debug\consoleapplication.pdb
c:\users\gchirino\desktop\release_1\consoleapplication\debug\cell.obj
c:\users\gchirino\desktop\release_1\consoleapplication\debug\errormanagement.obj
c:\users\gchirino\desktop\release_1\consoleapplication\debug\game.obj
c:\users\gchirino\desktop\release_1\consoleapplication\debug\inputmanager.obj
c:\users\gchirino\desktop\release_1\consoleapplication\debug\main.obj
c:\users\gchirino\desktop\release_1\consoleapplication\debug\map.obj
c:\users\gchirino\desktop\release_1\consoleapplication\debug\sdlinterface.obj
c:\users\gchirino\desktop\release_1\consoleapplication\debug\sprite.obj
c:\users\gchirino\desktop\release_1\consoleapplication\debug\vc140.idb
c:\users\gchirino\desktop\release_1\consoleapplication\debug\vc140.pdb
c:\users\gchirino\desktop\release_1\debug\consoleapplication.pdb
c:\users\gchirino\desktop\release_1\debug\consoleapplication.exe
c:\users\gchirino\desktop\release_1\debug\consoleapplication.ilk
c:\users\gchirino\desktop\release_1\consoleapplication\debug\consolea.d3760f5d.tlog\cl.command.1.tlog
c:\users\gchirino\desktop\release_1\consoleapplication\debug\consolea.d3760f5d.tlog\cl.read.1.tlog
c:\users\gchirino\desktop\release_1\consoleapplication\debug\consolea.d3760f5d.tlog\cl.write.1.tlog
c:\users\gchirino\desktop\release_1\consoleapplication\debug\consolea.d3760f5d.tlog\link.command.1.tlog
c:\users\gchirino\desktop\release_1\consoleapplication\debug\consolea.d3760f5d.tlog\link.read.1.tlog
c:\users\gchirino\desktop\release_1\consoleapplication\debug\consolea.d3760f5d.tlog\link.write.1.tlog
